[    0.000000] Linux version 4.15.0-212-generic (buildd@lcy02-amd64-083) (gcc version 7.5.0 (Ubuntu 7.5.0-3ubuntu1~18.04)) #223-Ubuntu SMP Tue May 23 13:09:22 UTC 2023 (Ubuntu 4.15.0-212.223-generic 4.15.18)
[    0.000000] Command line: BOOT_IMAGE=/boot/vmlinuz-4.15.0-212-generic root=LABEL=cloudimg-rootfs ro console=tty1 console=ttyS0
[    0.000000] KERNEL supported cpus:
[    0.000000]   Intel GenuineIntel
[    0.000000]   AMD AuthenticAMD
[    0.000000]   Centaur CentaurHauls
[    0.000000] x86/fpu: x87 FPU will use FXSAVE
[    0.000000] e820: BIOS-provided physical RAM map:
[    0.000000] BIOS-e820: [mem 0x0000000000000000-0x000000000009fbff] usable
[    0.000000] BIOS-e820: [mem 0x000000000009fc00-0x000000000009ffff] reserved
[    0.000000] BIOS-e820: [mem 0x00000000000f0000-0x00000000000fffff] reserved
[    0.000000] BIOS-e820: [mem 0x0000000000100000-0x0000000063feffff] usable
[    0.000000] BIOS-e820: [mem 0x0000000063ff0000-0x0000000063ffffff] ACPI data
[    0.000000] BIOS-e820: [mem 0x00000000fec00000-0x00000000fec00fff] reserved
[    0.000000] BIOS-e820: [mem 0x00000000fee00000-0x00000000fee00fff] reserved
[    0.000000] BIOS-e820: [mem 0x00000000fffc0000-0x00000000ffffffff] reserved
[    0.000000] NX (Execute Disable) protection: active
[    0.000000] SMBIOS 2.5 present.
[    0.000000] DMI: innotek GmbH VirtualBox/VirtualBox, BIOS VirtualBox 12/01/2006
[    0.000000] Hypervisor detected: KVM
[    0.000000] e820: last_pfn = 0x63ff0 max_arch_pfn = 0x400000000
[    0.000000] x86/PAT: Configuration [0-7]: WB  WC  UC- UC  WB  WP  UC- WT  
[    0.000000] CPU MTRRs all blank - virtualized system.
[    0.000000] found SMP MP-table at [mem 0x0009fbf0-0x0009fbff]
[    0.000000] Scanning 1 areas for low memory corruption
[    0.000000] RAMDISK: [mem 0x359cb000-0x36cdcfff]
[    0.000000] ACPI: Early table checksum verification disabled
[    0.000000] ACPI: RSDP 0x00000000000E0000 000024 (v02 VBOX  )
[    0.000000] ACPI: XSDT 0x0000000063FF0030 00003C (v01 VBOX   VBOXXSDT 00000001 ASL  00000061)
[    0.000000] ACPI: FACP 0x0000000063FF00F0 0000F4 (v04 VBOX   VBOXFACP 00000001 ASL  00000061)
[    0.000000] ACPI: DSDT 0x0000000063FF0610 002353 (v02 VBOX   VBOXBIOS 00000002 INTL 20100528)
[    0.000000] ACPI: FACS 0x0000000063FF0200 000040
[    0.000000] ACPI: FACS 0x0000000063FF0200 000040
[    0.000000] ACPI: APIC 0x0000000063FF0240 00005C (v02 VBOX   VBOXAPIC 00000001 ASL  00000061)
[    0.000000] ACPI: SSDT 0x0000000063FF02A0 00036C (v01 VBOX   VBOXCPUT 00000002 INTL 20100528)
[    0.000000] ACPI: Reserving FACP table memory at [mem 0x63ff00f0-0x63ff01e3]
[    0.000000] ACPI: Reserving DSDT table memory at [mem 0x63ff0610-0x63ff2962]
[    0.000000] ACPI: Reserving FACS table memory at [mem 0x63ff0200-0x63ff023f]
[    0.000000] ACPI: Reserving FACS table memory at [mem 0x63ff0200-0x63ff023f]
[    0.000000] ACPI: Reserving APIC table memory at [mem 0x63ff0240-0x63ff029b]
[    0.000000] ACPI: Reserving SSDT table memory at [mem 0x63ff02a0-0x63ff060b]
[    0.000000] No NUMA configuration found
[    0.000000] Faking a node at [mem 0x0000000000000000-0x0000000063feffff]
[    0.000000] NODE_DATA(0) allocated [mem 0x63fc5000-0x63feffff]
[    0.000000] kvm-clock: cpu 0, msr 0:63f44001, primary cpu clock
[    0.000000] kvm-clock: Using msrs 4b564d01 and 4b564d00
[    0.000000] kvm-clock: using sched offset of 4302052846 cycles
[    0.000000] clocksource: kvm-clock: mask: 0xffffffffffffffff max_cycles: 0x1cd42e4dffb, max_idle_ns: 881590591483 ns
[    0.000000] Zone ranges:
[    0.000000]   DMA      [mem 0x0000000000001000-0x0000000000ffffff]
[    0.000000]   DMA32    [mem 0x0000000001000000-0x0000000063feffff]
[    0.000000]   Normal   empty
[    0.000000]   Device   empty
[    0.000000] Movable zone start for each node
[    0.000000] Early memory node ranges
[    0.000000]   node   0: [mem 0x0000000000001000-0x000000000009efff]
[    0.000000]   node   0: [mem 0x0000000000100000-0x0000000063feffff]
[    0.000000] Reserved but unavailable: 104 pages
[    0.000000] Initmem setup node 0 [mem 0x0000000000001000-0x0000000063feffff]
[    0.000000] ACPI: PM-Timer IO Port: 0x4008
[    0.000000] IOAPIC[0]: apic_id 2, version 32, address 0xfec00000, GSI 0-23
[    0.000000] ACPI: INT_SRC_OVR (bus 0 bus_irq 0 global_irq 2 dfl dfl)
[    0.000000] ACPI: INT_SRC_OVR (bus 0 bus_irq 9 global_irq 9 low level)
[    0.000000] Using ACPI (MADT) for SMP configuration information
[    0.000000] smpboot: Allowing 2 CPUs, 0 hotplug CPUs
[    0.000000] PM: Registered nosave memory: [mem 0x00000000-0x00000fff]
[    0.000000] PM: Registered nosave memory: [mem 0x0009f000-0x0009ffff]
[    0.000000] PM: Registered nosave memory: [mem 0x000a0000-0x000effff]
[    0.000000] PM: Registered nosave memory: [mem 0x000f0000-0x000fffff]
[    0.000000] e820: [mem 0x64000000-0xfebfffff] available for PCI devices
[    0.000000] Booting paravirtualized kernel on KVM
[    0.000000] clocksource: refined-jiffies: mask: 0xffffffff max_cycles: 0xffffffff, max_idle_ns: 7645519600211568 ns
[    0.000000] setup_percpu: NR_CPUS:8192 nr_cpumask_bits:2 nr_cpu_ids:2 nr_node_ids:1
[    0.000000] percpu: Embedded 50 pages/cpu s167936 r8192 d28672 u1048576
[    0.000000] PV qspinlock hash table entries: 256 (order: 0, 4096 bytes)
[    0.000000] Built 1 zonelists, mobility grouping on.  Total pages: 403065
[    0.000000] Policy zone: DMA32
[    0.000000] Kernel command line: BOOT_IMAGE=/boot/vmlinuz-4.15.0-212-generic root=LABEL=cloudimg-rootfs ro console=tty1 console=ttyS0
[    0.000000] Memory: 1562228K/1637944K available (12300K kernel code, 2477K rwdata, 4324K rodata, 2480K init, 2720K bss, 75716K reserved, 0K cma-reserved)
[    0.000000] SLUB: HWalign=64, Order=0-3, MinObjects=0, CPUs=2, Nodes=1
[    0.000000] ftrace: allocating 39508 entries in 155 pages
[    0.004000] Hierarchical RCU implementation.
[    0.004000] 	RCU restricting CPUs from NR_CPUS=8192 to nr_cpu_ids=2.
[    0.004000] 	Tasks RCU enabled.
[    0.004000] RCU: Adjusting geometry for rcu_fanout_leaf=16, nr_cpu_ids=2
[    0.004000] NR_IRQS: 524544, nr_irqs: 440, preallocated irqs: 16
[    0.004000] random: crng init done
[    0.004000] Console: colour VGA+ 80x25
[    0.004000] console [tty1] enabled
[    0.004000] console [ttyS0] enabled
[    0.004000] ACPI: Core revision 20170831
[    0.004000] ACPI: 2 ACPI AML tables successfully acquired and loaded
[    0.004000] APIC: Switch to symmetric I/O mode setup
[    0.004000] ..TIMER: vector=0x30 apic1=0 pin1=2 apic2=-1 pin2=-1
[    0.004011] tsc: Detected 2112.004 MHz processor
[    0.012009] Calibrating delay loop (skipped) preset value.. 4224.00 BogoMIPS (lpj=8448016)
[    0.016003] pid_max: default: 32768 minimum: 301
[    0.020105] Security Framework initialized
[    0.024003] Yama: becoming mindful.
[    0.028136] AppArmor: AppArmor initialized
[    0.043162] Dentry cache hash table entries: 262144 (order: 9, 2097152 bytes)
[    0.049831] Inode-cache hash table entries: 131072 (order: 8, 1048576 bytes)
[    0.052146] Mount-cache hash table entries: 4096 (order: 3, 32768 bytes)
[    0.056149] Mountpoint-cache hash table entries: 4096 (order: 3, 32768 bytes)
[    0.065045] Last level iTLB entries: 4KB 64, 2MB 8, 4MB 8
[    0.068003] Last level dTLB entries: 4KB 64, 2MB 0, 4MB 0, 1GB 4
[    0.072006] Spectre V1 : Mitigation: usercopy/swapgs barriers and __user pointer sanitization
[    0.076004] Spectre V2 : Mitigation: Enhanced IBRS
[    0.080006] Spectre V2 : Spectre v2 / SpectreRSB mitigation: Filling RSB on context switch
[    0.084005] Spectre V2 : Spectre v2 / PBRSB-eIBRS: Retire a single CALL on VMEXIT
[    0.092002] RETBleed: Mitigation: Enhanced IBRS
[    0.096006] Speculative Store Bypass: Vulnerable
[    0.100051] MMIO Stale Data: Vulnerable: Clear CPU buffers attempted, no microcode
[    0.104005] SRBDS: Unknown: Dependent on hypervisor status
[    0.108199] Freeing SMP alternatives memory: 36K
[    0.225744] smpboot: CPU0: Intel(R) Core(TM) i5-10210U CPU @ 1.60GHz (family: 0x6, model: 0x8e, stepping: 0xc)
[    0.232468] Performance Events: unsupported p6 CPU model 142 no PMU driver, software events only.
[    0.236168] Hierarchical SRCU implementation.
[    0.244468] NMI watchdog: Perf event create on CPU 0 failed with -2
[    0.248003] NMI watchdog: Perf NMI watchdog permanently disabled
[    0.252523] smp: Bringing up secondary CPUs ...
[    0.257044] x86: Booting SMP configuration:
[    0.260003] .... node  #0, CPUs:      #1
[    0.004000] kvm-clock: cpu 1, msr 0:63f44041, secondary cpu clock
[    0.276113] smp: Brought up 1 node, 2 CPUs
[    0.280005] smpboot: Max logical packages: 1
[    0.284006] smpboot: Total of 2 processors activated (8448.01 BogoMIPS)
[    0.292072] devtmpfs: initialized
[    0.295572] x86/mm: Memory block size: 128MB
[    0.300027] evm: security.selinux
[    0.303352] evm: security.SMACK64
[    0.304003] evm: security.SMACK64EXEC
[    0.308006] evm: security.SMACK64TRANSMUTE
[    0.312006] evm: security.SMACK64MMAP
[    0.316006] evm: security.apparmor
[    0.320005] evm: security.ima
[    0.324005] evm: security.capability
[    0.328548] clocksource: jiffies: mask: 0xffffffff max_cycles: 0xffffffff, max_idle_ns: 7645041785100000 ns
[    0.332017] futex hash table entries: 512 (order: 3, 32768 bytes)
[    0.340212] pinctrl core: initialized pinctrl subsystem
[    0.344736] RTC time:  5:02:33, date: 07/18/25
[    0.349778] NET: Registered protocol family 16
[    0.352224] audit: initializing netlink subsys (disabled)
[    0.356241] audit: type=2000 audit(1752814958.843:1): state=initialized audit_enabled=0 res=1
[    0.364005] cpuidle: using governor ladder
[    0.368017] cpuidle: using governor menu
[    0.372042] ACPI: bus type PCI registered
[    0.376003] acpiphp: ACPI Hot Plug PCI Controller Driver version: 0.5
[    0.380508] PCI: Using configuration type 1 for base access
[    0.388391] HugeTLB registered 2.00 MiB page size, pre-allocated 0 pages
[    0.396232] ACPI: Added _OSI(Module Device)
[    0.400011] ACPI: Added _OSI(Processor Device)
[    0.404002] ACPI: Added _OSI(3.0 _SCP Extensions)
[    0.408003] ACPI: Added _OSI(Processor Aggregator Device)
[    0.412007] ACPI: Added _OSI(Linux-Dell-Video)
[    0.416007] ACPI: Added _OSI(Linux-Lenovo-NV-HDMI-Audio)
[    0.420003] ACPI: Added _OSI(Linux-HPI-Hybrid-Graphics)
[    0.424770] ACPI: Executed 1 blocks of module-level executable AML code
[    0.435769] ACPI: Interpreter enabled
[    0.436012] ACPI: (supports S0 S5)
[    0.440003] ACPI: Using IOAPIC for interrupt routing
[    0.448504] PCI: Using host bridge windows from ACPI; if necessary, use "pci=nocrs" and report a bug
[    0.452316] ACPI: Enabled 2 GPEs in block 00 to 07
[    0.470016] ACPI: PCI Root Bridge [PCI0] (domain 0000 [bus 00-ff])
[    0.472017] acpi PNP0A03:00: _OSC: OS supports [ASPM ClockPM Segments MSI]
[    0.476965] acpi PNP0A03:00: _OSC: not requesting OS control; OS requires [ExtendedConfig ASPM ClockPM MSI]
[    0.480028] acpi PNP0A03:00: fail to add MMCONFIG information, can't access extended PCI configuration space under this bridge.
[    0.488343] PCI host bridge to bus 0000:00
[    0.491513] pci_bus 0000:00: root bus resource [io  0x0000-0x0cf7 window]
[    0.492011] pci_bus 0000:00: root bus resource [io  0x0d00-0xffff window]
[    0.496005] pci_bus 0000:00: root bus resource [mem 0x000a0000-0x000bffff window]
[    0.500004] pci_bus 0000:00: root bus resource [mem 0x64000000-0xfdffffff window]
[    0.504007] pci_bus 0000:00: root bus resource [bus 00-ff]
[    0.516090] pci 0000:00:01.1: legacy IDE quirk: reg 0x10: [io  0x01f0-0x01f7]
[    0.520006] pci 0000:00:01.1: legacy IDE quirk: reg 0x14: [io  0x03f6]
[    0.524004] pci 0000:00:01.1: legacy IDE quirk: reg 0x18: [io  0x0170-0x0177]
[    0.528006] pci 0000:00:01.1: legacy IDE quirk: reg 0x1c: [io  0x0376]
[    0.556218] pci 0000:00:07.0: quirk: [io  0x4000-0x403f] claimed by PIIX4 ACPI
[    0.560056] pci 0000:00:07.0: quirk: [io  0x4100-0x410f] claimed by PIIX4 SMB
[    0.578400] ACPI: PCI Interrupt Link [LNKA] (IRQs 5 9 10 *11)
[    0.580544] ACPI: PCI Interrupt Link [LNKB] (IRQs 5 9 *10 11)
[    0.588199] ACPI: PCI Interrupt Link [LNKC] (IRQs 5 *9 10 11)
[    0.592000] ACPI: PCI Interrupt Link [LNKD] (IRQs 5 9 10 *11)
[    0.596768] SCSI subsystem initialized
[    0.600158] pci 0000:00:02.0: vgaarb: setting as boot VGA device
[    0.604000] pci 0000:00:02.0: vgaarb: VGA device added: decodes=io+mem,owns=io+mem,locks=none
[    0.604006] pci 0000:00:02.0: vgaarb: bridge control possible
[    0.608002] vgaarb: loaded
[    0.612129] ACPI: bus type USB registered
[    0.616025] usbcore: registered new interface driver usbfs
[    0.620045] usbcore: registered new interface driver hub
[    0.624010] usbcore: registered new device driver usb
[    0.628300] EDAC MC: Ver: 3.0.0
[    0.636125] PCI: Using ACPI for IRQ routing
[    0.640973] NetLabel: Initializing
[    0.643695] NetLabel:  domain hash size = 128
[    0.644002] NetLabel:  protocols = UNLABELED CIPSOv4 CALIPSO
[    0.648021] NetLabel:  unlabeled traffic allowed by default
[    0.656283] clocksource: Switched to clocksource kvm-clock
[    0.694905] VFS: Disk quotas dquot_6.6.0
[    0.694905] VFS: Dquot-cache hash table entries: 512 (order 0, 4096 bytes)
[    0.694905] AppArmor: AppArmor Filesystem Enabled
[    0.694905] pnp: PnP ACPI init
[    0.694905] pnp: PnP ACPI: found 3 devices
[    0.795827] clocksource: acpi_pm: mask: 0xffffff max_cycles: 0xffffff, max_idle_ns: 2085701024 ns
[    0.796526] NET: Registered protocol family 2
[    0.796526] IP idents hash table entries: 32768 (order: 6, 262144 bytes)
[    0.816164] TCP established hash table entries: 16384 (order: 5, 131072 bytes)
[    0.823137] TCP bind hash table entries: 16384 (order: 6, 262144 bytes)
[    0.826587] TCP: Hash tables configured (established 16384 bind 16384)
[    0.826587] UDP hash table entries: 1024 (order: 3, 32768 bytes)
[    0.826587] UDP-Lite hash table entries: 1024 (order: 3, 32768 bytes)
[    0.826587] NET: Registered protocol family 1
[    0.848917] pci 0000:00:00.0: Limiting direct PCI/PCI transfers
[    0.852803] pci 0000:00:01.0: Activating ISA DMA hang workarounds
[    0.852803] pci 0000:00:02.0: Video device with shadowed ROM at [mem 0x000c0000-0x000dffff]
[    0.865611] Unpacking initramfs...
[    1.440097] Freeing initrd memory: 19528K
[    1.444362] clocksource: tsc: mask: 0xffffffffffffffff max_cycles: 0x1e717c37157, max_idle_ns: 440795284133 ns
[    1.454777] platform rtc_cmos: registered platform RTC device (no PNP device found)
[    1.463352] Scanning for low memory corruption every 60 seconds
[    1.476009] Initialise system trusted keyrings
[    1.483068] Key type blacklist registered
[    1.489660] workingset: timestamp_bits=36 max_order=19 bucket_order=0
[    1.504892] zbud: loaded
[    1.510476] squashfs: version 4.0 (2009/01/31) Phillip Lougher
[    1.520804] fuse init (API version 7.26)
[    1.568139] Key type asymmetric registered
[    1.572577] Asymmetric key parser 'x509' registered
[    1.576541] Block layer SCSI generic (bsg) driver version 0.4 loaded (major 246)
[    1.586752] io scheduler noop registered
[    1.590459] io scheduler deadline registered
[    1.594185] io scheduler cfq registered (default)
[    1.600973] ACPI: AC Adapter [AC] (off-line)
[    1.605303] input: Power Button as /devices/LNXSYSTM:00/LNXPWRBN:00/input/input0
[    1.612178] ACPI: Power Button [PWRF]
[    1.617338] input: Sleep Button as /devices/LNXSYSTM:00/LNXSLPBN:00/input/input1
[    1.623603] ACPI: Sleep Button [SLPF]
[    1.629391] ACPI: Battery Slot [BAT0] (battery present)
[    1.635492] Serial: 8250/16550 driver, 32 ports, IRQ sharing enabled
[    1.644516] 00:02: ttyS0 at I/O 0x3f8 (irq = 4, base_baud = 115200) is a 16550A
[    1.855871] Linux agpgart interface v0.103
[    1.867666] loop: module loaded
[    1.873826] scsi host0: ata_piix
[    1.878371] scsi host1: ata_piix
[    1.883097] ata1: PATA max UDMA/33 cmd 0x1f0 ctl 0x3f6 bmdma 0xd000 irq 14
[    1.887003] ata2: PATA max UDMA/33 cmd 0x170 ctl 0x376 bmdma 0xd008 irq 15
[    1.894847] tun: Universal TUN/TAP device driver, 1.6
[    1.901676] PPP generic driver version 2.4.2
[    1.906300] ehci_hcd: USB 2.0 'Enhanced' Host Controller (EHCI) Driver
[    1.911889] ehci-pci: EHCI PCI platform driver
[    1.917655] ehci-platform: EHCI generic platform driver
[    1.922535] ohci_hcd: USB 1.1 'Open' Host Controller (OHCI) Driver
[    1.926485] ohci-pci: OHCI PCI platform driver
[    1.931264] ohci-platform: OHCI generic platform driver
[    1.936097] uhci_hcd: USB Universal Host Controller Interface driver
[    1.942044] i8042: PNP: PS/2 Controller [PNP0303:PS2K,PNP0f03:PS2M] at 0x60,0x64 irq 1,12
[    1.952523] serio: i8042 KBD port at 0x60,0x64 irq 1
[    1.956433] serio: i8042 AUX port at 0x60,0x64 irq 12
[    1.961911] mousedev: PS/2 mouse device common for all mice
[    1.971845] rtc_cmos rtc_cmos: rtc core: registered rtc_cmos as rtc0
[    1.977633] input: AT Translated Set 2 keyboard as /devices/platform/i8042/serio0/input/input2
[    1.985396] rtc_cmos rtc_cmos: alarms up to one day, 114 bytes nvram
[    1.992773] i2c /dev entries driver
[    1.996939] device-mapper: uevent: version 1.0.3
[    2.002424] device-mapper: ioctl: 4.37.0-ioctl (2017-09-20) initialised: dm-devel@redhat.com
[    2.010175] ledtrig-cpu: registered to indicate activity on CPUs
[    2.019169] NET: Registered protocol family 10
[    2.032851] Segment Routing with IPv6
[    2.036878] NET: Registered protocol family 17
[    2.041744] Key type dns_resolver registered
[    2.046942] mce: Using 0 MCE banks
[    2.051482] RAS: Correctable Errors collector initialized.
[    2.068264] sched_clock: Marking stable (2068174679, 0)->(2910656368, -842481689)
[    2.120602] registered taskstats version 1
[    2.125971] Loading compiled-in X.509 certificates
[    2.136792] Loaded X.509 cert 'Build time autogenerated kernel key: b5b26778eaa3ab3a4a6cee031137706e947d12ad'
[    2.145986] Loaded X.509 cert 'Canonical Ltd. Live Patch Signing: 14df34d1a87cf37625abec039ef2bf521249b969'
[    2.156976] Loaded X.509 cert 'Canonical Ltd. Kernel Module Signing: 88f752e560a1e0737e31163a466ad7b70a850c19'
[    2.166498] blacklist: Loading compiled-in revocation X.509 certificates
[    2.172366] Loaded X.509 cert 'Canonical Ltd. Secure Boot Signing: 61482aa2830d0ab2ad5af10b7250da9033ddcef0'
[    2.182783] Loaded X.509 cert 'Canonical Ltd. Secure Boot Signing (2017): 242ade75ac4a15e50d50c84b0d45ff3eae707a03'
[    2.191423] Loaded X.509 cert 'Canonical Ltd. Secure Boot Signing (ESM 2018): 365188c1d374d6b07c3c8f240f8ef722433d6a8b'
[    2.201731] Loaded X.509 cert 'Canonical Ltd. Secure Boot Signing (2019): c0746fd6c5da3ae827864651ad66ae47fe24b3e8'
[    2.210918] Loaded X.509 cert 'Canonical Ltd. Secure Boot Signing (2021 v1): a8d54bbb3825cfb94fa13c9f8a594a195c107b8d'
[    2.221427] Loaded X.509 cert 'Canonical Ltd. Secure Boot Signing (2021 v2): 4cf046892d6fd3c9a5b03f98d845f90851dc6a8c'
[    2.232170] Loaded X.509 cert 'Canonical Ltd. Secure Boot Signing (2021 v3): 100437bb6de6e469b581e61cd66bce3ef4ed53af'
[    2.241872] Loaded X.509 cert 'Canonical Ltd. Secure Boot Signing (Ubuntu Core 2019): c1d57b8f6b743f23ee41f4f7ee292f06eecadfb9'
[    2.252966] zswap: loaded using pool lzo/zbud
[    2.268679] Key type big_key registered
[    2.272752] Key type trusted registered
[    2.280784] Key type encrypted registered
[    2.286038] AppArmor: AppArmor sha1 policy hashing enabled
[    2.291130] ima: No TPM chip found, activating TPM-bypass! (rc=-19)
[    2.297829] ima: Allocated hash algorithm: sha1
[    2.302505] evm: HMAC attrs: 0x1
[    2.306271]   Magic number: 1:847:11
[    2.310149] rtc_cmos rtc_cmos: setting system clock to 2025-07-18 05:02:35 UTC (1752814955)
[    2.319543] BIOS EDD facility v0.16 2004-Jun-25, 0 devices found
[    2.325158] EDD information not available.
[    2.334298] Freeing unused kernel image memory: 2480K
[    2.352218] Write protecting the kernel read-only data: 20480k
[    2.359046] Freeing unused kernel image memory: 2008K
[    2.364928] Freeing unused kernel image memory: 1820K
[    2.376059] x86/mm: Checked W+X mappings: passed, no W+X pages found.
Loading, please wait...
starting version 237
[    2.493873] e1000: Intel(R) PRO/1000 Network Driver - version 7.3.21-k8-NAPI
[    2.504250] e1000: Copyright (c) 1999-2006 Intel Corporation.
[    2.530959] Fusion MPT base driver 3.04.20
[    2.536134] Copyright (c) 1999-2008 LSI Corporation
[    2.593935] SSE version of gcm_enc/dec engaged.
[    2.619188] Fusion MPT SPI Host driver 3.04.20
[    2.810959] input: ImExPS/2 Generic Explorer Mouse as /devices/platform/i8042/serio1/input/input4
[    3.444597] e1000 0000:00:03.0 eth0: (PCI:33MHz:32-bit) 02:3b:7b:b7:3b:2d
[    3.451357] e1000 0000:00:03.0 eth0: Intel(R) PRO/1000 Network Connection
[    4.217586] e1000 0000:00:08.0 eth1: (PCI:33MHz:32-bit) 08:00:27:0a:fa:5b
[    4.223395] e1000 0000:00:08.0 eth1: Intel(R) PRO/1000 Network Connection
[    4.231156] mptbase: ioc0: Initiating bringup
[    4.342979] ioc0: LSI53C1030 A0: Capabilities={Initiator}
[    4.611275] scsi host2: ioc0: LSI53C1030 A0, FwRev=00000000h, Ports=1, MaxQ=256, IRQ=20
[    4.786623] scsi 2:0:0:0: Direct-Access     VBOX     HARDDISK         1.0  PQ: 0 ANSI: 5
[    4.832704] scsi target2:0:0: Beginning Domain Validation
[    4.847927] scsi target2:0:0: Domain Validation skipping write tests
[    4.855000] scsi target2:0:0: Ending Domain Validation
[    4.861246] scsi target2:0:0: asynchronous
[    4.875065] scsi 2:0:1:0: Direct-Access     VBOX     HARDDISK         1.0  PQ: 0 ANSI: 5
[    5.236458] scsi target2:0:1: Beginning Domain Validation
[    5.250932] scsi target2:0:1: Domain Validation skipping write tests
[    5.258446] scsi target2:0:1: Ending Domain Validation
[    5.265126] scsi target2:0:1: asynchronous
[    5.289460] sd 2:0:0:0: Attached scsi generic sg0 type 0
[    5.296496] sd 2:0:1:0: Attached scsi generic sg1 type 0
[    5.305543] sd 2:0:0:0: [sda] 83886080 512-byte logical blocks: (42.9 GB/40.0 GiB)
[    5.314838] sd 2:0:1:0: [sdb] 20480 512-byte logical blocks: (10.5 MB/10.0 MiB)
[    5.323126] sd 2:0:0:0: [sda] Write Protect is off
[    5.328821] sd 2:0:1:0: [sdb] Write Protect is off
[    5.335120] sd 2:0:1:0: [sdb] Incomplete mode parameter data
[    5.341565] sd 2:0:1:0: [sdb] Assuming drive cache: write through
[    5.348423] sd 2:0:0:0: [sda] Incomplete mode parameter data
[    5.355224] sd 2:0:0:0: [sda] Assuming drive cache: write through
[    5.371696]  sda: sda1
[    5.382595] sd 2:0:0:0: [sda] Attached SCSI disk
[    5.388160] sd 2:0:1:0: [sdb] Attached SCSI disk
[    5.462246] e1000 0000:00:09.0 eth2: (PCI:33MHz:32-bit) 08:00:27:42:be:95
[    5.468386] e1000 0000:00:09.0 eth2: Intel(R) PRO/1000 Network Connection
[    5.476656] e1000 0000:00:08.0 enp0s8: renamed from eth1
[    5.498132] e1000 0000:00:03.0 enp0s3: renamed from eth0
[  450.974097] INFO: rcu_sched self-detected stall on CPU
[  450.976137] INFO: rcu_sched detected stalls on CPUs/tasks:
[  450.979602] 	1-...!: (1 GPs behind) idle=22a/140000000000001/0 softirq=399/400 fqs=0 
[  450.992932] 	 (t=111367 jiffies g=-145 c=-146 q=83)
[  450.992968] 	1-...!: (1 GPs behind) idle=22a/140000000000001/0 softirq=399/400 fqs=0 
[  450.997900] rcu_sched kthread starved for 111367 jiffies! g18446744073709551471 c18446744073709551470 f0x0 RCU_GP_WAIT_FQS(3) ->state=0x402 ->cpu=0
[  451.005367] 	(detected by 0, t=111367 jiffies, g=-145, c=-146, q=83)
[  451.020637] rcu_sched       I    0     8      2 0x80000000
[  451.020641] Call Trace:
[  451.020652]  __schedule+0x24e/0x890
[  451.026921] Sending NMI from CPU 0 to CPUs 1:
[  451.032417]  schedule+0x2c/0x80
[  451.036139] NMI backtrace for cpu 1
[  451.036140] CPU: 1 PID: 157 Comm: systemd-udevd Not tainted 4.15.0-212-generic #223-Ubuntu
[  451.036140] Hardware name: innotek GmbH VirtualBox/VirtualBox, BIOS VirtualBox 12/01/2006
[  451.036141] RIP: 0010:io_serial_in+0x18/0x20
[  451.036141] RSP: 0018:ffff8b9523d03ad8 EFLAGS: 00010002
[  451.036142] RAX: ffffffffa2820b60 RBX: ffffffffa3d16e60 RCX: 0000000000000000
[  451.036142] RDX: 00000000000003fd RSI: 0000000000000005 RDI: ffffffffa3d16e60
[  451.036142] RBP: ffff8b9523d03ad8 R08: 0000000000000000 R09: 0000000000000007
[  451.036143] R10: 0000000000000000 R11: ffffffffa3b6a80d R12: 0000000000002710
[  451.036143] R13: 0000000000000020 R14: ffffffffa3b6a801 R15: ffffffffa3d16e60
[  451.036143] FS:  00007f499ee39680(0000) GS:ffff8b9523d00000(0000) knlGS:0000000000000000
[  451.036144] CS:  0010 DS: 0000 ES: 0000 CR0: 0000000080050033
[  451.036144] CR2: 00007f499ec146e8 CR3: 00000000364a2001 CR4: 00000000000206e0
[  451.036144] Call Trace:
[  451.036144]  <IRQ>
[  451.036144]  wait_for_xmitr+0x47/0xb0
[  451.036145]  serial8250_console_putchar+0x1c/0x40
[  451.036145]  ? wait_for_xmitr+0xb0/0xb0
[  451.036145]  uart_console_write+0x4c/0x60
[  451.036145]  serial8250_console_write+0x10a/0x2a0
[  451.036146]  ? msg_print_text+0x80/0x100
[  451.036146]  univ8250_console_write+0x21/0x30
[  451.036146]  console_unlock+0x3cf/0x560
[  451.036146]  vprintk_emit+0x134/0x2c0
[  451.036146]  ? schedule+0x2c/0x80
[  451.036147]  vprintk_default+0x29/0x50
[  451.036147]  vprintk_func+0x47/0xc0
[  451.036147]  printk+0x52/0x6e
[  451.036147]  ? kernel_text_address+0xe8/0xf0
[  451.036148]  ? schedule+0x2c/0x80
[  451.036148]  ? schedule+0x2c/0x80
[  451.036148]  show_trace_log_lvl+0x218/0x3d0
[  451.036148]  ? schedule+0x2c/0x80
[  451.036148]  ? schedule+0x2c/0x80
[  451.036149]  show_stack+0x34/0x50
[  451.036149]  sched_show_task+0xfe/0x130
[  451.036149]  rcu_check_gp_kthread_starvation+0xad/0xc0
[  451.036149]  rcu_check_callbacks+0x6c5/0x8e0
[  451.036150]  ? tick_sched_do_timer+0x50/0x50
[  451.036150]  update_process_times+0x2f/0x60
[  451.036150]  tick_sched_handle+0x26/0x70
[  451.036150]  ? tick_sched_do_timer+0x42/0x50
[  451.036150]  tick_sched_timer+0x39/0x80
[  451.036151]  __hrtimer_run_queues+0xdf/0x230
[  451.036151]  hrtimer_interrupt+0x97/0x180
[  451.036151]  smp_apic_timer_interrupt+0x6f/0x140
[  451.036151]  apic_timer_interrupt+0x90/0xa0
[  451.036152]  </IRQ>
[  451.036152] RIP: 0010:do_syscall_64+0x23/0x130
[  451.036152] RSP: 0018:ffffb3308062bf38 EFLAGS: 00010246 ORIG_RAX: ffffffffffffff11
[  451.036153] RAX: 0000000000000000 RBX: ffffb3308062bf58 RCX: ffff8b951d2ac140
[  451.036153] RDX: 0000000000000000 RSI: 00005574cc755a00 RDI: ffffb3308062bf58
[  451.036153] RBP: ffffb3308062bf48 R08: 0000000000000000 R09: 0000000000000000
[  451.036153] R10: 0000000000000000 R11: 0000000000000000 R12: 0000000000000000
[  451.036154] R13: 0000000000000000 R14: 0000000000000000 R15: 0000000000000000
[  451.036154]  ? do_syscall_64+0x121/0x130
[  451.036154]  entry_SYSCALL_64_after_hwframe+0x59/0xbe
[  451.036154] RIP: 0033:0x7f499e935031
[  451.036155] RSP: 002b:00007ffdc99c7af8 EFLAGS: 00000246 ORIG_RAX: 0000000000000000
[  451.036155] RAX: ffffffffffffffda RBX: 00005574cc726260 RCX: 00007f499e935031
[  451.036156] RDX: 0000000000001000 RSI: 00005574cc755a00 RDI: 000000000000000d
[  451.036156] RBP: 00007f499ec0d2a0 R08: 0000000000000000 R09: 0000000000000000
[  451.036156] R10: 00005574cc726010 R11: 0000000000000246 R12: 00005574cc755a00
[  451.036157] R13: 0000000000001001 R14: 0000000000000d68 R15: 0000000000001001
[  451.036157] Code: 48 89 e5 d3 e6 48 63 f6 48 03 77 10 8b 06 5d c3 0f 1f 00 0f 1f 44 00 00 0f b6 8f a1 00 00 00 8b 57 08 55 48 89 e5 d3 e6 01 f2 ec <0f> b6 c0 5d c3 0f 1f 00 0f 1f 44 00 00 0f b6 8f a1 00 00 00 89 
[  451.036167] rcu_sched kthread starved for 111367 jiffies! g18446744073709551471 c18446744073709551470 f0x0 RCU_GP_WAIT_FQS(3) ->state=0x402 ->cpu=0
[  451.039232]  schedule_timeout+0x15d/0x370
[  451.043090] rcu_sched       I    0     8      2 0x80000000
[  451.046652]  ? __next_timer_interrupt+0xe0/0xe0
[  451.050048] Call Trace:
[  451.056740]  rcu_gp_kthread+0x53a/0x980
[  451.062787]  __schedule+0x24e/0x890
[  451.066891]  kthread+0x121/0x140
[  451.070810]  schedule+0x2c/0x80
[  451.076574]  ? rcu_note_context_switch+0x150/0x150
[  451.081881]  schedule_timeout+0x15d/0x370
[  451.087618]  ? kthread_create_worker_on_cpu+0x70/0x70
[  451.092888]  ? __next_timer_interrupt+0xe0/0xe0
[  451.098856]  ret_from_fork+0x1f/0x40
[  451.104853]  rcu_gp_kthread+0x53a/0x980
[  451.110157] NMI backtrace for cpu 1
[  451.115620]  kthread+0x121/0x140
[  451.117986] CPU: 1 PID: 157 Comm: systemd-udevd Not tainted 4.15.0-212-generic #223-Ubuntu
[  451.119825]  ? rcu_note_context_switch+0x150/0x150
[  451.123155] Hardware name: innotek GmbH VirtualBox/VirtualBox, BIOS VirtualBox 12/01/2006
[  451.127006]  ? kthread_create_worker_on_cpu+0x70/0x70
[  451.131057] Call Trace:
[  451.134418]  ret_from_fork+0x1f/0x40
[  451.138493]  <IRQ>
[  451.433544]  dump_stack+0x6d/0x8b
[  451.436672]  nmi_cpu_backtrace+0x94/0xa0
[  451.439772]  ? lapic_can_unplug_cpu+0xb0/0xb0
[  451.443089]  nmi_trigger_cpumask_backtrace+0xe7/0x130
[  451.447060]  arch_trigger_cpumask_backtrace+0x19/0x20
[  451.451054]  rcu_dump_cpu_stacks+0xa3/0xd5
[  451.454184]  rcu_check_callbacks+0x6cd/0x8e0
[  451.457526]  ? tick_sched_do_timer+0x50/0x50
[  451.460915]  update_process_times+0x2f/0x60
[  451.464158]  tick_sched_handle+0x26/0x70
[  451.467253]  ? tick_sched_do_timer+0x42/0x50
[  451.471369]  tick_sched_timer+0x39/0x80
[  451.474477]  __hrtimer_run_queues+0xdf/0x230
[  451.477752]  hrtimer_interrupt+0x97/0x180
[  451.480821]  smp_apic_timer_interrupt+0x6f/0x140
[  451.484335]  apic_timer_interrupt+0x90/0xa0
[  451.487497]  </IRQ>
[  451.489235] RIP: 0010:do_syscall_64+0x23/0x130
[  451.492782] RSP: 0018:ffffb3308062bf38 EFLAGS: 00010246 ORIG_RAX: ffffffffffffff11
[  451.498724] RAX: 0000000000000000 RBX: ffffb3308062bf58 RCX: ffff8b951d2ac140
[  451.504004] RDX: 0000000000000000 RSI: 00005574cc755a00 RDI: ffffb3308062bf58
[  451.509262] RBP: ffffb3308062bf48 R08: 0000000000000000 R09: 0000000000000000
[  451.514764] R10: 0000000000000000 R11: 0000000000000000 R12: 0000000000000000
[  451.520572] R13: 0000000000000000 R14: 0000000000000000 R15: 0000000000000000
[  451.527394]  ? do_syscall_64+0x121/0x130
[  451.530552]  entry_SYSCALL_64_after_hwframe+0x59/0xbe
[  451.534689] RIP: 0033:0x7f499e935031
[  451.537890] RSP: 002b:00007ffdc99c7af8 EFLAGS: 00000246 ORIG_RAX: 0000000000000000
[  451.543741] RAX: ffffffffffffffda RBX: 00005574cc726260 RCX: 00007f499e935031
[  451.549884] RDX: 0000000000001000 RSI: 00005574cc755a00 RDI: 000000000000000d
[  451.555505] RBP: 00007f499ec0d2a0 R08: 0000000000000000 R09: 0000000000000000
[  451.560988] R10: 00005574cc726010 R11: 0000000000000246 R12: 00005574cc755a00
[  451.566288] R13: 0000000000001001 R14: 0000000000000d68 R15: 0000000000001001
Begin: Loading essential drivers ... [  453.317336] raid6: sse2x1   gen() 14839 MB/s
[  453.716943] raid6: sse2x1   xor() 68658 MB/s
[  453.777273] raid6: sse2x2   gen() 17527 MB/s
[  453.829420] raid6: sse2x2   xor()  9303 MB/s
[  453.881621] raid6: sse2x4   gen() 16685 MB/s
[  453.944514] raid6: sse2x4   xor() 12904 MB/s
[  453.948715] raid6: using algorithm sse2x2 gen() 17527 MB/s
[  453.953136] raid6: .... xor() 9303 MB/s, rmw enabled
[  453.957482] raid6: using ssse3x2 recovery algorithm
[  453.964132] xor: measuring software checksum speed
[  454.070278]    prefetch64-sse: 59252.000 MB/sec
[  454.174906]    generic_sse: 57095.000 MB/sec
[  454.179554] xor: using function: prefetch64-sse (59252.000 MB/sec)
[  454.187578] async_tx: api initialized (async)
done.
Begin: Running /scripts/init-premount ... done.
Begin: Mounting root file system ... Begin: Running /scripts/local-top ... done.
Begin: Running /scripts/local-premount ... [  454.264472] Btrfs loaded, crc32c=crc32c-intel
Scanning for Btrfs filesystems
done.
Warning: fsck not present, so skipping root file system
[  454.335397] EXT4-fs (sda1): mounted filesystem with ordered data mode. Opts: (null)
done.
Begin: Running /scripts/local-bottom ... done.
Begin: Running /scripts/init-bottom ... done.
[  454.608802] ip_tables: (C) 2000-2006 Netfilter Core Team
[  454.631488] systemd[1]: systemd 237 running in system mode. (+PAM +AUDIT +SELINUX +IMA +APPARMOR +SMACK +SYSVINIT +UTMP +LIBCRYPTSETUP +GCRYPT +GNUTLS +ACL +XZ +LZ4 +SECCOMP +BLKID +ELFUTILS +KMOD -IDN2 +IDN -PCRE2 default-hierarchy=hybrid)
[  454.650119] systemd[1]: Detected virtualization oracle.
[  454.655663] systemd[1]: Detected architecture x86-64.

Welcome to [1mUbuntu 18.04.6 LTS[0m!

[  454.691020] systemd[1]: Set hostname to <ubuntu-bionic>.
[  455.158300] systemd[1]: Set up automount Arbitrary Executable File Formats File System Automount Point.
[[0;32m  OK  [0m] Set up automount Arbitrary Executab…rmats File System Automount Point.
[  455.182874] systemd[1]: Created slice User and Session Slice.
[[0;32m  OK  [0m] Created slice User and Session Slice.
[  455.191731] systemd[1]: Reached target Swap.
[[0;32m  OK  [0m] Reached target Swap.
[  455.201343] systemd[1]: Created slice System Slice.
[[0;32m  OK  [0m] Created slice System Slice.
[  455.209531] systemd[1]: Listening on fsck to fsckd communication Socket.
[[0;32m  OK  [0m] Listening on fsck to fsckd communication Socket.
[  455.219906] systemd[1]: Listening on LVM2 metadata daemon socket.
[[0;32m  OK  [0m] Listening on LVM2 metadata daemon socket.
[[0;32m  OK  [0m] Created slice system-serial\x2dgetty.slice.
[[0;32m  OK  [0m] Reached target User and Group Name Lookups.
[[0;32m  OK  [0m] Reached target Slices.
[[0;32m  OK  [0m] Listening on /dev/initctl Compatibility Named Pipe.
[[0;32m  OK  [0m] Listening on Journal Socket.
         Starting Set the console keyboard layout...
         Mounting Huge Pages File System...
         Starting Uncomplicated firewall...
         Mounting POSIX Message Queue File System...
         Mounting Kernel Debug File System...
         Starting Load Kernel Modules...
[[0;32m  OK  [0m] Listening on Syslog Socket.
[[0;32m  OK  [0m] Listening on Device-mapper event daemon FIFOs.
         Starting Monitoring of LVM2 mirrors…ng dmeventd or progress polling...
[[0;32m  OK  [0m] Listening on Network Service Netlink Socket.
[[0;32m  OK  [0m] Listening on Journal Audit Socket.
         Starting File System Check on Root Device...
[[0;32m  OK  [0m] Listening on LVM2 poll daemon socket.
[[0;32m  OK  [0m] Started Forward Password Requests to Wall Directory Watch.
         Starting Create list of required st…ce nodes for the current kernel...
[[0;32m  OK  [0m] Reached target System Time Synchronized.
[[0;32m  OK  [0m] Listening on Journal Socket (/dev/log).
         Starting Journal Service...
[[0;32m  OK  [0m] Reached target Mounting snaps.
[[0;32m  OK  [0m] Reached target Mounted snaps.
[[0;32m  OK  [0m] Listening on udev Control Socket.
[[0;32m  OK  [0m] Listening on udev Kernel Socket.
         Starting udev Coldplug all Devices...
[  455.371518] Loading iSCSI transport class v2.0-870.
[[0;32m  OK  [0m] Mounted Huge Pages File System.
[[0;32m  OK  [0m] Started Uncomplicated firewall.
[[0;32m  OK  [0m] Mounted POSIX Message Queue File System.
[[0;32m  OK  [0m] Mounted Kernel Debug File System.
[[0;32m  OK  [0m] Started Create list of required sta…vice nodes for the current kernel.
[[0;32m  OK  [0m] Started LVM2 metadata daemon.
[[0;32m  OK  [0m] Started File System Check Daemon to report status.
         Starting Create Static Device Nodes in /dev...
[[0;32m  OK  [0m] Started Journal Service.
[[0;32m  OK  [0m] Started udev Coldplug all Devices.
[[0;32m  OK  [0m] Started Create Static Device Nodes in /dev.
[[0;32m  OK  [0m] Started Set the console keyboard layout.
[[0;32m  OK  [0m] Started File System Check on Root Device.
         Starting Remount Root and Kernel File Systems...
[  455.530913] iscsi: registered transport (tcp)
[[0;32m  OK  [0m] Started Monitoring of LVM2 mirrors,…sing dmeventd or progress polling.
[  455.563494] EXT4-fs (sda1): re-mounted. Opts: (null)
[[0;32m  OK  [0m] Started Remount Root and Kernel File Systems.
         Starting Flush Journal to Persistent Storage...
         Starting udev Kernel Device Manager...
[[0;32m  OK  [0m] Reached target Local File Systems (Pre).
         Starting Load/Save Random Seed...
[[0;32m  OK  [0m] Reached target Local File Systems.
         Starting Tell Plymouth To Write Out Runtime Data...
         Starting AppArmor initialization...
         Starting ebtables ruleset management...
         Starting Set console font and keymap...
[  455.626737] systemd-journald[419]: Received request to flush runtime journal from PID 1
[[0;32m  OK  [0m] Started udev Kernel Device Manager.
[[0;32m  OK  [0m] Started Dispatch Password Requests to Console Directory Watch.
[[0;32m  OK  [0m] Reached target Local Encrypted Volumes.
[[0;32m  OK  [0m] Started Load/Save Random Seed.
[[0;32m  OK  [0m] Started Tell Plymouth To Write Out Runtime Data.
[[0;32m  OK  [0m] Started Set console font and keymap.
[  455.756853] iscsi: registered transport (iser)
[[0;32m  OK  [0m] Started Load Kernel Modules.
         Starting Apply Kernel Variables...
         Mounting Kernel Configuration File System...
         Mounting FUSE Control File System...
[[0;32m  OK  [0m] Mounted Kernel Configuration File System.
[[0;32m  OK  [0m] Mounted FUSE Control File System.
[[0;32m  OK  [0m] Started Apply Kernel Variables.
[[0;32m  OK  [0m] Started Flush Journal to Persistent Storage.
         Starting Create Volatile Files and Directories...
[[0;32m  OK  [0m] Started Create Volatile Files and Directories.
         Starting Update UTMP about System Boot/Shutdown...
[[0;32m  OK  [0m] Started ebtables ruleset management.
[[0;32m  OK  [0m] Started Update UTMP about System Boot/Shutdown.
[[0;32m  OK  [0m] Found device /dev/ttyS0.
[[0;32m  OK  [0m] Listening on Load/Save RF Kill Switch Status /dev/rfkill Watch.
[[0;32m  OK  [0m] Started AppArmor initialization.
         Starting Load AppArmor profiles managed internally by snapd...
         Starting Initial cloud-init job (pre-networking)...
         Mounting Arbitrary Executable File Formats File System...
[[0;32m  OK  [0m] Mounted Arbitrary Executable File Formats File System.
[[0;32m  OK  [0m] Started Load AppArmor profiles managed internally by snapd.
[  458.760437] cloud-init[563]: Cloud-init v. 23.1.2-0ubuntu0~18.04.1 running 'init-local' at Fri, 18 Jul 2025 05:10:11 +0000. Up 458.54 seconds.
[[0;32m  OK  [0m] Started Initial cloud-init job (pre-networking).
[[0;32m  OK  [0m] Reached target Network (Pre).
         Starting Network Service...
[[0;32m  OK  [0m] Started Network Service.
         Starting Network Name Resolution...
         Starting Wait for Network to be Configured...
[[0;32m  OK  [0m] Started Network Name Resolution.
[[0;32m  OK  [0m] Reached target Host and Network Name Lookups.
[[0;32m  OK  [0m] Reached target Network.
[[0;32m  OK  [0m] Started Wait for Network to be Configured.
         Starting Initial cloud-init job (metadata service crawler)...
[  461.991766] cloud-init[691]: Cloud-init v. 23.1.2-0ubuntu0~18.04.1 running 'init' at Fri, 18 Jul 2025 05:10:15 +0000. Up 461.86 seconds.
[  461.998575] cloud-init[691]: ci-info: +++++++++++++++++++++++++++++++++++++++++++Net device info++++++++++++++++++++++++++++++++++++++++++++
[  462.006022] cloud-init[691]: ci-info: +--------+------+---------------------------------------+---------------+--------+-------------------+
[  462.013422] cloud-init[691]: ci-info: | Device |  Up  |                Address                |      Mask     | Scope  |     Hw-Address    |
[  462.020964] cloud-init[691]: ci-info: +--------+------+---------------------------------------+---------------+--------+-------------------+
[  462.029542] cloud-init[691]: ci-info: | enp0s3 | True |               10.0.2.15               | 255.255.255.0 | global | 02:3b:7b:b7:3b:2d |
[  462.037027] cloud-init[691]: ci-info: | enp0s3 | True | fd17:625c:f037:2:3b:7bff:feb7:3b2d/64 |       .       | global | 02:3b:7b:b7:3b:2d |
[  462.044791] cloud-init[691]: ci-info: | enp0s3 | True |       fe80::3b:7bff:feb7:3b2d/64      |       .       |  link  | 02:3b:7b:b7:3b:2d |
[  462.052432] cloud-init[691]: ci-info: | enp0s8 | True |             192.168.23.68             | 255.255.255.0 | global | 08:00:27:0a:fa:5b |
[  462.058950] cloud-init[691]: ci-info: | enp0s8 | True |      fe80::a00:27ff:fe0a:fa5b/64      |       .       |  link  | 08:00:27:0a:fa:5b |
[  462.063517] cloud-init[691]: ci-info: | enp0s9 | True |             192.168.0.103             | 255.255.255.0 | global | 08:00:27:42:be:95 |
[  462.067328] cloud-init[691]: ci-info: | enp0s9 | True |      fe80::a00:27ff:fe42:be95/64      |       .       |  link  | 08:00:27:42:be:95 |
[  462.071277] cloud-init[691]: ci-info: |   lo   | True |               127.0.0.1               |   255.0.0.0   |  host  |         .         |
[  462.075064] cloud-init[691]: ci-info: |   lo   | True |                ::1/128                |       .       |  host  |         .         |
[  462.078959] cloud-init[691]: ci-info: +--------+------+---------------------------------------+---------------+--------+-------------------+
[  462.082969] cloud-init[691]: ci-info: ++++++++++++++++++++++++++++++Route IPv4 info+++++++++++++++++++++++++++++++
[  462.086262] cloud-init[691]: ci-info: +-------+--------------+-------------+-----------------+-----------+-------+
[  462.089463] cloud-init[691]: ci-info: | Route | Destination  |   Gateway   |     Genmask     | Interface | Flags |
[  462.092614] cloud-init[691]: ci-info: +-------+--------------+-------------+-----------------+-----------+-------+
[  462.096277] cloud-init[691]: ci-info: |   0   |   0.0.0.0    | 192.168.0.1 |     0.0.0.0     |   enp0s9  |   UG  |
[  462.099434] cloud-init[691]: ci-info: |   1   |   0.0.0.0    |   10.0.2.2  |     0.0.0.0     |   enp0s3  |   UG  |
[  462.102799] cloud-init[691]: ci-info: |   2   |   10.0.2.0   |   0.0.0.0   |  255.255.255.0  |   enp0s3  |   U   |
[  462.106114] cloud-init[691]: ci-info: |   3   |   10.0.2.2   |   0.0.0.0   | 255.255.255.255 |   enp0s3  |   UH  |
[  462.109301] cloud-init[691]: ci-info: |   4   | 192.168.0.0  |   0.0.0.0   |  255.255.255.0  |   enp0s9  |   U   |
[  462.113061] cloud-init[691]: ci-info: |   5   | 192.168.0.1  |   0.0.0.0   | 255.255.255.255 |   enp0s9  |   UH  |
[  462.116307] cloud-init[691]: ci-info: |   6   | 192.168.23.0 |   0.0.0.0   |  255.255.255.0  |   enp0s8  |   U   |
[  462.119371] cloud-init[691]: ci-info: +-------+--------------+-------------+-----------------+-----------+-------+
[  462.122844] cloud-init[691]: ci-info: ++++++++++++++++++++++++Route IPv6 info++++++++++++++++++++++++
[  462.125900] cloud-init[691]: ci-info: +-------+-----------------------+---------+-----------+-------+
[  462.128981] cloud-init[691]: ci-info: | Route |      Destination      | Gateway | Interface | Flags |
[  462.131968] cloud-init[691]: ci-info: +-------+-----------------------+---------+-----------+-------+
[  462.134863] cloud-init[691]: ci-info: |   1   | fd17:625c:f037:2::/64 |    ::   |   enp0s3  |   U   |
[  462.137848] cloud-init[691]: ci-info: |   2   |       fe80::/64       |    ::   |   enp0s9  |   U   |
[  462.140864] cloud-init[691]: ci-info: |   3   |       fe80::/64       |    ::   |   enp0s8  |   U   |
[  462.143924] cloud-init[691]: ci-info: |   4   |       fe80::/64       |    ::   |   enp0s3  |   U   |
[  462.147351] cloud-init[691]: ci-info: |   5   |          ::/0         | fe80::2 |   enp0s3  |   UG  |
[  462.150248] cloud-init[691]: ci-info: |   7   |         local         |    ::   |   enp0s3  |   U   |
[  462.153361] cloud-init[691]: ci-info: |   8   |         local         |    ::   |   enp0s8  |   U   |
[  462.156335] cloud-init[691]: ci-info: |   9   |         local         |    ::   |   enp0s9  |   U   |
[  462.159187] cloud-init[691]: ci-info: |   10  |        ff00::/8       |    ::   |   enp0s9  |   U   |
[  462.162986] cloud-init[691]: ci-info: |   11  |        ff00::/8       |    ::   |   enp0s8  |   U   |
[  462.166151] cloud-init[691]: ci-info: |   12  |        ff00::/8       |    ::   |   enp0s3  |   U   |
[  462.169080] cloud-init[691]: ci-info: +-------+-----------------------+---------+-----------+-------+
[[0;32m  OK  [0m] Started Initial cloud-init job (metadata service crawler).
[[0;32m  OK  [0m] Reached target System Initialization.
[[0;32m  OK  [0m] Listening on cloud-init hotplug hook socket.
[[0;32m  OK  [0m] Listening on ACPID Listen Socket.
[[0;32m  OK  [0m] Started Daily Cleanup of Temporary Directories.
[[0;32m  OK  [0m] Listening on Open-iSCSI iscsid Socket.
         Starting LXD - unix socket.
[[0;32m  OK  [0m] Listening on UUID daemon activation socket.
[[0;32m  OK  [0m] Started Ubuntu Advantage Timer for running repeated jobs.
[[0;32m  OK  [0m] Started ACPI Events Check.
[[0;32m  OK  [0m] Reached target Paths.
[[0;32m  OK  [0m] Listening on D-Bus System Message Bus Socket.
[[0;32m  OK  [0m] Started Discard unused blocks once a week.
[[0;32m  OK  [0m] Started Message of the Day.
[[0;32m  OK  [0m] Started Daily apt download activities.
[[0;32m  OK  [0m] Started Daily apt upgrade and clean activities.
[[0;32m  OK  [0m] Reached target Timers.
         Starting Socket activation for snappy daemon.
[[0;32m  OK  [0m] Reached target Cloud-config availability.
[[0;32m  OK  [0m] Reached target Network is Online.
[[0;32m  OK  [0m] Reached target Remote File Systems (Pre).
         Mounting /vagrant...
         Starting Availability of block devices...
         Mounting /vagrant_data...
[[0;32m  OK  [0m] Listening on LXD - unix socket.
[[0;32m  OK  [0m] Listening on Socket activation for snappy daemon.
[[0;32m  OK  [0m] Mounted /vagrant.
[[0;32m  OK  [0m] Started Availability of block devices.
[[0;32m  OK  [0m] Mounted /vagrant_data.
[[0;32m  OK  [0m] Reached target Remote File Systems.
[[0;32m  OK  [0m] Reached target Sockets.
[[0;32m  OK  [0m] Reached target Basic System.
[[0;32m  OK  [0m] Started FUSE filesystem for LXC.
         Starting Snap Daemon...
[[0;32m  OK  [0m] Started Regular background program processing daemon.
[[0;32m  OK  [0m] Started Deferred execution scheduler.
         Starting Dispatcher daemon for systemd-networkd...
         Starting Accounts Service...
         Starting LSB: automatic crash report generation...
         Starting LSB: Record successful boot for GRUB...
         Starting System Logging Service...
         Starting Permit User Sessions...
         Starting OpenBSD Secure Shell server...
[[0;32m  OK  [0m] Reached target Login Prompts (Pre).
         Starting Login Service...
[[0;32m  OK  [0m] Started irqbalance daemon.
[[0;32m  OK  [0m] Started D-Bus System Message Bus.
         Starting Virtualbox guest utils...
         Starting LXD - container startup/shutdown...
[[0;32m  OK  [0m] Started System Logging Service.
[[0;32m  OK  [0m] Started Permit User Sessions.
[[0;32m  OK  [0m] Started Dispatcher daemon for systemd-networkd.
[[0;32m  OK  [0m] Started OpenBSD Secure Shell server.
         Starting Hostname Service...
         Starting Terminate Plymouth Boot Screen...
         Starting Hold until boot process finishes up...
[[0;32m  OK  [0m] Started Hold until boot process finishes up.
         Starting Set console scheme...
[[0;32m  OK  [0m] Started Serial Getty on ttyS0.
[[0;32m  OK  [0m] Started Login Service.
[[0;32m  OK  [0m] Started Unattended Upgrades Shutdown.
[[0;32m  OK  [0m] Started Terminate Plymouth Boot Screen.
[[0;32m  OK  [0m] Started Set console scheme.
[[0;32m  OK  [0m] Created slice system-getty.slice.
[[0;32m  OK  [0m] Started Getty on tty1.
[[0;32m  OK  [0m] Reached target Login Prompts.
         Starting Authorization Manager...
[[0;32m  OK  [0m] Started LSB: automatic crash report generation.
[[0;32m  OK  [0m] Started Hostname Service.
[[0;32m  OK  [0m] Started LSB: Record successful boot for GRUB.
[[0;32m  OK  [0m] Started Authorization Manager.
[[0;32m  OK  [0m] Started Virtualbox guest utils.
[[0;32m  OK  [0m] Started Accounts Service.
[[0;32m  OK  [0m] Started LXD - container startup/shutdown.
[[0;32m  OK  [0m] Started Snap Daemon.
         Starting Wait until snapd is fully seeded...
         Starting Time & Date Service...
[[0;32m  OK  [0m] Started Time & Date Service.
[[0;32m  OK  [0m] Started Wait until snapd is fully seeded.
         Starting Apply the settings specified in cloud-config...
[  464.677035] cloud-init[1146]: Cloud-init v. 23.1.2-0ubuntu0~18.04.1 running 'modules:config' at Fri, 18 Jul 2025 05:10:17 +0000. Up 464.58 seconds.
[[0;32m  OK  [0m] Started Apply the settings specified in cloud-config.
[[0;32m  OK  [0m] Reached target Multi-User System.
         Starting Execute cloud user/final scripts...
[[0;32m  OK  [0m] Reached target Graphical Interface.
         Starting Update UTMP about System Runlevel Changes...
[[0;32m  OK  [0m] Started Update UTMP about System Runlevel Changes.
[  465.260466] cloud-init[1176]: Cloud-init v. 23.1.2-0ubuntu0~18.04.1 running 'modules:final' at Fri, 18 Jul 2025 05:10:18 +0000. Up 465.15 seconds.
[  465.265928] cloud-init[1176]: Cloud-init v. 23.1.2-0ubuntu0~18.04.1 finished at Fri, 18 Jul 2025 05:10:18 +0000. Datasource DataSourceNoCloud [seed=/dev/sdb][dsmode=net].  Up 465.25 seconds
[[0;32m  OK  [0m] Started Execute cloud user/final scripts.
[[0;32m  OK  [0m] Reached target Cloud-init target.

Ubuntu 18.04.6 LTS ubuntu-bionic ttyS0

ubuntu-bionic login: 